<?xml version="1.0" encoding="UTF-8"?>
<testng-results skipped="0" failed="0" ignored="0" total="1" passed="1">
  <reporter-output>
  </reporter-output>
  <suite name="Default suite" duration-ms="25987" started-at="2017-05-12T16:16:30Z" finished-at="2017-05-12T16:16:56Z">
    <groups>
    </groups>
    <test name="Default test" duration-ms="25987" started-at="2017-05-12T16:16:30Z" finished-at="2017-05-12T16:16:56Z">
      <class name="Android.SimpleAndroidCalcTest">
        <test-method status="PASS" signature="setUp()[pri:0, instance:Android.SimpleAndroidCalcTest@29774679]" name="setUp" is-config="true" duration-ms="15438" started-at="2017-05-12T21:46:30Z" finished-at="2017-05-12T21:46:45Z">
          <reporter-output>
          </reporter-output>
        </test-method> <!-- setUp -->
        <test-method status="PASS" signature="Sum()[pri:0, instance:Android.SimpleAndroidCalcTest@29774679]" name="Sum" duration-ms="9277" started-at="2017-05-12T21:46:45Z" finished-at="2017-05-12T21:46:54Z">
          <reporter-output>
          </reporter-output>
        </test-method> <!-- Sum -->
        <test-method status="PASS" signature="End()[pri:0, instance:Android.SimpleAndroidCalcTest@29774679]" name="End" is-config="true" duration-ms="1238" started-at="2017-05-12T21:46:54Z" finished-at="2017-05-12T21:46:56Z">
          <reporter-output>
          </reporter-output>
        </test-method> <!-- End -->
      </class> <!-- Android.SimpleAndroidCalcTest -->
    </test> <!-- Default test -->
  </suite> <!-- Default suite -->
</testng-results>
